2024-02-26 11:43:11.717 +01:00  INF  Now listening on: https://localhost:7184
2024-02-26 11:43:11.773 +01:00  INF  Now listening on: http://localhost:5123
2024-02-26 11:43:11.776 +01:00  INF  Application started. Press Ctrl+C to shut down.
2024-02-26 11:43:11.776 +01:00  INF  Hosting environment: Development
2024-02-26 11:43:11.776 +01:00  INF  Content root path: C:\Users\teunv\OneDrive\Bureaublad\HBOICT\Jaar2\Semester_2_WD\periode3\Client\ShocaseCloudFlare\Server\ServerShowcase\ServerShowcase
2024-02-26 11:43:14.347 +01:00  INF  Request starting HTTP/2 GET https://localhost:7184/swagger/index.html - null null
2024-02-26 11:43:15.411 +01:00  INF  Request starting HTTP/2 GET https://localhost:7184/_framework/aspnetcore-browser-refresh.js - null null
2024-02-26 11:43:15.412 +01:00  INF  Request finished HTTP/2 GET https://localhost:7184/swagger/index.html - 200 null text/html;charset=utf-8 1105.9308ms
2024-02-26 11:43:15.436 +01:00  INF  Request finished HTTP/2 GET https://localhost:7184/_framework/aspnetcore-browser-refresh.js - 200 13764 application/javascript; charset=utf-8 28.4237ms
2024-02-26 11:43:15.605 +01:00  INF  Request starting HTTP/2 GET https://localhost:7184/_vs/browserLink - null null
2024-02-26 11:43:15.905 +01:00  INF  Request finished HTTP/2 GET https://localhost:7184/_vs/browserLink - 200 null text/javascript; charset=UTF-8 314.3062ms
2024-02-26 11:43:16.067 +01:00  INF  Request starting HTTP/2 GET https://localhost:7184/swagger/v1/swagger.json - null null
2024-02-26 11:43:16.338 +01:00  INF  Request finished HTTP/2 GET https://localhost:7184/swagger/v1/swagger.json - 200 null application/json;charset=utf-8 272.4132ms
2024-02-26 11:43:40.138 +01:00  INF  Request starting HTTP/2 OPTIONS https://localhost:7184/api/Captcha - null null
2024-02-26 11:43:40.176 +01:00  INF  CORS policy execution successful.
2024-02-26 11:43:40.179 +01:00  INF  Request finished HTTP/2 OPTIONS https://localhost:7184/api/Captcha - 204 null null 41.3503ms
2024-02-26 11:43:40.184 +01:00  INF  Request starting HTTP/2 POST https://localhost:7184/api/Captcha - application/json 17
2024-02-26 11:43:40.188 +01:00  INF  CORS policy execution successful.
2024-02-26 11:43:40.195 +01:00  INF  Executing endpoint 'ServerShowcase.Controllers.CaptchaController.Post (ServerShowcase)'
2024-02-26 11:43:40.256 +01:00  INF  Route matched with {action = "Post", controller = "Captcha"}. Executing controller action with signature Microsoft.AspNetCore.Mvc.IActionResult Post(ServerShowcase.Model.CaptchaModel) on controller ServerShowcase.Controllers.CaptchaController (ServerShowcase).
2024-02-26 11:43:40.332 +01:00  INF   --- Captcha not verified --- 
2024-02-26 11:43:40.343 +01:00  INF  Executing BadRequestObjectResult, writing value of type 'Microsoft.AspNetCore.Mvc.SerializableError'.
2024-02-26 11:43:40.355 +01:00  INF  Executed action ServerShowcase.Controllers.CaptchaController.Post (ServerShowcase) in 91.8336ms
2024-02-26 11:43:40.356 +01:00  INF  Executed endpoint 'ServerShowcase.Controllers.CaptchaController.Post (ServerShowcase)'
2024-02-26 11:43:40.356 +01:00  INF  Request finished HTTP/2 POST https://localhost:7184/api/Captcha - 400 null application/json; charset=utf-8 172.338ms
2024-02-26 11:43:43.440 +01:00  INF  Request starting HTTP/2 POST https://localhost:7184/api/Captcha - application/json 16
2024-02-26 11:43:43.443 +01:00  INF  CORS policy execution successful.
2024-02-26 11:43:43.443 +01:00  INF  Executing endpoint 'ServerShowcase.Controllers.CaptchaController.Post (ServerShowcase)'
2024-02-26 11:43:43.443 +01:00  INF  Route matched with {action = "Post", controller = "Captcha"}. Executing controller action with signature Microsoft.AspNetCore.Mvc.IActionResult Post(ServerShowcase.Model.CaptchaModel) on controller ServerShowcase.Controllers.CaptchaController (ServerShowcase).
2024-02-26 11:43:43.445 +01:00  INF   --- Captcha verified --- 
2024-02-26 11:43:43.446 +01:00  INF  Executing OkObjectResult, writing value of type '<>f__AnonymousType0`3[[System.String, System.Private.CoreLib, Version=8.0.0.0, Culture=neutral, PublicKeyToken=7cec85d7bea7798e],[System.Int32, System.Private.CoreLib, Version=8.0.0.0, Culture=neutral, PublicKeyToken=7cec85d7bea7798e],[System.String, System.Private.CoreLib, Version=8.0.0.0, Culture=neutral, PublicKeyToken=7cec85d7bea7798e]]'.
2024-02-26 11:43:43.455 +01:00  INF  Executed action ServerShowcase.Controllers.CaptchaController.Post (ServerShowcase) in 11.1263ms
2024-02-26 11:43:43.455 +01:00  INF  Executed endpoint 'ServerShowcase.Controllers.CaptchaController.Post (ServerShowcase)'
2024-02-26 11:43:43.455 +01:00  INF  Request finished HTTP/2 POST https://localhost:7184/api/Captcha - 200 null application/json; charset=utf-8 15.3539ms
2024-02-26 13:36:21.396 +01:00  INF  Now listening on: https://localhost:7184
2024-02-26 13:36:21.437 +01:00  INF  Now listening on: http://localhost:5123
2024-02-26 13:36:21.439 +01:00  INF  Application started. Press Ctrl+C to shut down.
2024-02-26 13:36:21.440 +01:00  INF  Hosting environment: Development
2024-02-26 13:36:21.440 +01:00  INF  Content root path: C:\Users\teunv\OneDrive\Bureaublad\HBOICT\Jaar2\Semester_2_WD\periode3\Client\ShocaseCloudFlare\Server\ServerShowcase\ServerShowcase
2024-02-26 13:36:24.853 +01:00  INF  Request starting HTTP/2 GET https://localhost:7184/swagger/index.html - null null
2024-02-26 13:36:25.214 +01:00  INF  Request finished HTTP/2 GET https://localhost:7184/swagger/index.html - 200 null text/html;charset=utf-8 374.4653ms
2024-02-26 13:36:25.282 +01:00  INF  Request starting HTTP/2 GET https://localhost:7184/_framework/aspnetcore-browser-refresh.js - null null
2024-02-26 13:36:25.301 +01:00  INF  Request starting HTTP/2 GET https://localhost:7184/_vs/browserLink - null null
2024-02-26 13:36:25.306 +01:00  INF  Request finished HTTP/2 GET https://localhost:7184/_framework/aspnetcore-browser-refresh.js - 200 13764 application/javascript; charset=utf-8 24.5723ms
2024-02-26 13:36:25.674 +01:00  INF  Request finished HTTP/2 GET https://localhost:7184/_vs/browserLink - 200 null text/javascript; charset=UTF-8 373.6383ms
2024-02-26 13:36:25.822 +01:00  INF  Request starting HTTP/2 GET https://localhost:7184/swagger/v1/swagger.json - null null
2024-02-26 13:36:25.998 +01:00  INF  Request finished HTTP/2 GET https://localhost:7184/swagger/v1/swagger.json - 200 null application/json;charset=utf-8 176.1112ms
2024-02-26 13:40:32.257 +01:00  INF  Request starting HTTP/2 OPTIONS https://localhost:7184/api/Captcha - null null
2024-02-26 13:40:32.268 +01:00  INF  CORS policy execution successful.
2024-02-26 13:40:32.270 +01:00  INF  Request finished HTTP/2 OPTIONS https://localhost:7184/api/Captcha - 204 null null 14.0867ms
2024-02-26 13:40:32.274 +01:00  INF  Request starting HTTP/2 POST https://localhost:7184/api/Captcha - application/json 15
2024-02-26 13:40:32.277 +01:00  INF  CORS policy execution successful.
2024-02-26 13:40:32.281 +01:00  INF  Executing endpoint 'ServerShowcase.Controllers.CaptchaController.Post (ServerShowcase)'
2024-02-26 13:40:32.318 +01:00  INF  Route matched with {action = "Post", controller = "Captcha"}. Executing controller action with signature Microsoft.AspNetCore.Mvc.IActionResult Post(ServerShowcase.Model.CaptchaModel) on controller ServerShowcase.Controllers.CaptchaController (ServerShowcase).
2024-02-26 13:40:32.365 +01:00  INF   --- Captcha not verified --- 
2024-02-26 13:40:32.371 +01:00  INF  Executing BadRequestObjectResult, writing value of type 'Microsoft.AspNetCore.Mvc.SerializableError'.
2024-02-26 13:40:32.380 +01:00  INF  Executed action ServerShowcase.Controllers.CaptchaController.Post (ServerShowcase) in 57.2944ms
2024-02-26 13:40:32.381 +01:00  INF  Executed endpoint 'ServerShowcase.Controllers.CaptchaController.Post (ServerShowcase)'
2024-02-26 13:40:32.382 +01:00  INF  Request finished HTTP/2 POST https://localhost:7184/api/Captcha - 400 null application/json; charset=utf-8 107.8533ms
2024-02-26 13:40:35.256 +01:00  INF  Request starting HTTP/2 POST https://localhost:7184/api/Captcha - application/json 16
2024-02-26 13:40:35.257 +01:00  INF  CORS policy execution successful.
2024-02-26 13:40:35.259 +01:00  INF  Executing endpoint 'ServerShowcase.Controllers.CaptchaController.Post (ServerShowcase)'
2024-02-26 13:40:35.259 +01:00  INF  Route matched with {action = "Post", controller = "Captcha"}. Executing controller action with signature Microsoft.AspNetCore.Mvc.IActionResult Post(ServerShowcase.Model.CaptchaModel) on controller ServerShowcase.Controllers.CaptchaController (ServerShowcase).
2024-02-26 13:40:35.260 +01:00  INF   --- Captcha verified --- 
2024-02-26 13:40:35.261 +01:00  INF  Executing OkObjectResult, writing value of type '<>f__AnonymousType0`3[[System.String, System.Private.CoreLib, Version=8.0.0.0, Culture=neutral, PublicKeyToken=7cec85d7bea7798e],[System.Int32, System.Private.CoreLib, Version=8.0.0.0, Culture=neutral, PublicKeyToken=7cec85d7bea7798e],[System.String, System.Private.CoreLib, Version=8.0.0.0, Culture=neutral, PublicKeyToken=7cec85d7bea7798e]]'.
2024-02-26 13:40:35.267 +01:00  INF  Executed action ServerShowcase.Controllers.CaptchaController.Post (ServerShowcase) in 7.9439ms
2024-02-26 13:40:35.267 +01:00  INF  Executed endpoint 'ServerShowcase.Controllers.CaptchaController.Post (ServerShowcase)'
2024-02-26 13:40:35.268 +01:00  INF  Request finished HTTP/2 POST https://localhost:7184/api/Captcha - 200 null application/json; charset=utf-8 11.9571ms
2024-02-26 17:07:41.044 +01:00  INF  Now listening on: https://localhost:7184
2024-02-26 17:07:41.122 +01:00  INF  Now listening on: http://localhost:5123
2024-02-26 17:07:41.127 +01:00  INF  Application started. Press Ctrl+C to shut down.
2024-02-26 17:07:41.128 +01:00  INF  Hosting environment: Development
2024-02-26 17:07:41.128 +01:00  INF  Content root path: C:\Users\teunv\OneDrive\Bureaublad\HBOICT\Jaar2\Semester_2_WD\periode3\Client\ShocaseCloudFlare\Server\ServerShowcase\ServerShowcase
2024-02-26 17:07:44.044 +01:00  INF  Request starting HTTP/2 GET https://localhost:7184/swagger/index.html - null null
2024-02-26 17:07:44.446 +01:00  INF  Request finished HTTP/2 GET https://localhost:7184/swagger/index.html - 200 null text/html;charset=utf-8 412.4837ms
2024-02-26 17:07:44.455 +01:00  INF  Request starting HTTP/2 GET https://localhost:7184/_framework/aspnetcore-browser-refresh.js - null null
2024-02-26 17:07:44.471 +01:00  INF  Request finished HTTP/2 GET https://localhost:7184/_framework/aspnetcore-browser-refresh.js - 200 13764 application/javascript; charset=utf-8 15.7699ms
2024-02-26 17:07:44.498 +01:00  INF  Request starting HTTP/2 GET https://localhost:7184/_vs/browserLink - null null
2024-02-26 17:07:44.635 +01:00  INF  Request finished HTTP/2 GET https://localhost:7184/_vs/browserLink - 200 null text/javascript; charset=UTF-8 138.4338ms
2024-02-26 17:07:44.754 +01:00  INF  Request starting HTTP/2 GET https://localhost:7184/swagger/v1/swagger.json - null null
2024-02-26 17:07:44.915 +01:00  INF  Request finished HTTP/2 GET https://localhost:7184/swagger/v1/swagger.json - 200 null application/json;charset=utf-8 162.2259ms
2024-02-26 17:08:18.444 +01:00  INF  Request starting HTTP/2 POST https://localhost:7184/api/MailContact - application/json 298
2024-02-26 17:08:18.453 +01:00  INF  CORS policy execution failed.
2024-02-26 17:08:18.454 +01:00  INF  Request origin https://localhost:7184 does not have permission to access the resource.
2024-02-26 17:08:18.457 +01:00  INF  Executing endpoint 'ServerShowcase.Controllers.MailContactController.Post (ServerShowcase)'
2024-02-26 17:08:18.483 +01:00  INF  Route matched with {action = "Post", controller = "MailContact"}. Executing controller action with signature Microsoft.AspNetCore.Mvc.IActionResult Post(ServerShowcase.Model.MailContactModel) on controller ServerShowcase.Controllers.MailContactController (ServerShowcase).
2024-02-26 17:08:18.523 +01:00  INF  Executing BadRequestObjectResult, writing value of type 'Microsoft.AspNetCore.Mvc.ValidationProblemDetails'.
2024-02-26 17:08:18.541 +01:00  INF  Executed action ServerShowcase.Controllers.MailContactController.Post (ServerShowcase) in 54.259ms
2024-02-26 17:08:18.541 +01:00  INF  Executed endpoint 'ServerShowcase.Controllers.MailContactController.Post (ServerShowcase)'
2024-02-26 17:08:18.541 +01:00  INF  Request finished HTTP/2 POST https://localhost:7184/api/MailContact - 400 null application/problem+json; charset=utf-8 97.738ms
2024-02-26 17:09:08.894 +01:00  INF  Request starting HTTP/2 OPTIONS https://localhost:7184/api/Captcha - null null
2024-02-26 17:09:08.902 +01:00  INF  CORS policy execution successful.
2024-02-26 17:09:08.905 +01:00  INF  Request finished HTTP/2 OPTIONS https://localhost:7184/api/Captcha - 204 null null 12.0673ms
2024-02-26 17:09:08.908 +01:00  INF  Request starting HTTP/2 POST https://localhost:7184/api/Captcha - application/json 16
2024-02-26 17:09:08.909 +01:00  INF  CORS policy execution successful.
2024-02-26 17:09:08.909 +01:00  INF  Executing endpoint 'ServerShowcase.Controllers.CaptchaController.Post (ServerShowcase)'
2024-02-26 17:09:08.911 +01:00  INF  Route matched with {action = "Post", controller = "Captcha"}. Executing controller action with signature Microsoft.AspNetCore.Mvc.IActionResult Post(ServerShowcase.Model.CaptchaModel) on controller ServerShowcase.Controllers.CaptchaController (ServerShowcase).
2024-02-26 17:09:08.915 +01:00  INF   --- Captcha verified --- 
2024-02-26 17:09:08.916 +01:00  INF  Executing OkObjectResult, writing value of type '<>f__AnonymousType0`3[[System.String, System.Private.CoreLib, Version=8.0.0.0, Culture=neutral, PublicKeyToken=7cec85d7bea7798e],[System.Int32, System.Private.CoreLib, Version=8.0.0.0, Culture=neutral, PublicKeyToken=7cec85d7bea7798e],[System.String, System.Private.CoreLib, Version=8.0.0.0, Culture=neutral, PublicKeyToken=7cec85d7bea7798e]]'.
2024-02-26 17:09:08.918 +01:00  INF  Executed action ServerShowcase.Controllers.CaptchaController.Post (ServerShowcase) in 6.579ms
2024-02-26 17:09:08.918 +01:00  INF  Executed endpoint 'ServerShowcase.Controllers.CaptchaController.Post (ServerShowcase)'
2024-02-26 17:09:08.918 +01:00  INF  Request finished HTTP/2 POST https://localhost:7184/api/Captcha - 200 null application/json; charset=utf-8 11.1953ms
2024-02-26 17:09:12.141 +01:00  INF  Request starting HTTP/2 OPTIONS https://localhost:7184/api/MailContact - null null
2024-02-26 17:09:12.141 +01:00  INF  CORS policy execution successful.
2024-02-26 17:09:12.141 +01:00  INF  Request finished HTTP/2 OPTIONS https://localhost:7184/api/MailContact - 204 null null 0.6596ms
2024-02-26 17:09:12.143 +01:00  INF  Request starting HTTP/2 POST https://localhost:7184/api/MailContact - application/json 213
2024-02-26 17:09:12.143 +01:00  INF  CORS policy execution successful.
2024-02-26 17:09:12.143 +01:00  INF  Executing endpoint 'ServerShowcase.Controllers.MailContactController.Post (ServerShowcase)'
2024-02-26 17:09:12.143 +01:00  INF  Route matched with {action = "Post", controller = "MailContact"}. Executing controller action with signature Microsoft.AspNetCore.Mvc.IActionResult Post(ServerShowcase.Model.MailContactModel) on controller ServerShowcase.Controllers.MailContactController (ServerShowcase).
2024-02-26 17:09:12.145 +01:00  INF   --- PostRequest received --- 
2024-02-26 17:09:12.249 +01:00  INF   --- Sending mail --- 
2024-02-26 17:09:14.022 +01:00  INF   --- Mail has been send --- 
2024-02-26 17:09:14.132 +01:00  INF  Executing OkObjectResult, writing value of type '<>f__AnonymousType1`3[[System.String, System.Private.CoreLib, Version=8.0.0.0, Culture=neutral, PublicKeyToken=7cec85d7bea7798e],[System.Int32, System.Private.CoreLib, Version=8.0.0.0, Culture=neutral, PublicKeyToken=7cec85d7bea7798e],[System.String, System.Private.CoreLib, Version=8.0.0.0, Culture=neutral, PublicKeyToken=7cec85d7bea7798e]]'.
2024-02-26 17:09:14.134 +01:00  INF  Executed action ServerShowcase.Controllers.MailContactController.Post (ServerShowcase) in 1990.7399ms
2024-02-26 17:09:14.134 +01:00  INF  Executed endpoint 'ServerShowcase.Controllers.MailContactController.Post (ServerShowcase)'
2024-02-26 17:09:14.135 +01:00  INF  Request finished HTTP/2 POST https://localhost:7184/api/MailContact - 200 null application/json; charset=utf-8 1991.7761ms
